app/build/outputs/logs/manifest-merger-debug-report.txt
-- Merging decision tree log ---
manifest
ADDED from src/main/AndroidManifest.xml:17:1-69:12
	package
		ADDED from src/main/AndroidManifest.xml:18:5-45
		INJECTED from src/main/AndroidManifest.xml
		INJECTED from src/main/AndroidManifest.xml
	android:versionName
		ADDED from src/main/AndroidManifest.xml:20:5-30
		INJECTED from src/main/AndroidManifest.xml
		INJECTED from src/main/AndroidManifest.xml
	android:versionCode
		ADDED from src/main/AndroidManifest.xml:19:5-28
		INJECTED from src/main/AndroidManifest.xml
		INJECTED from src/main/AndroidManifest.xml
	xmlns:android
		ADDED from src/main/AndroidManifest.xml:17:11-69
application
ADDED from src/main/AndroidManifest.xml:22:5-62:19
	android:label
		ADDED from src/main/AndroidManifest.xml:22:52-84
	android:icon
		ADDED from src/main/AndroidManifest.xml:22:18-51
	android:description
		ADDED from src/main/AndroidManifest.xml:22:85-126
activity#com.example.android.wiktionary.LookupActivity
ADDED from src/main/AndroidManifest.xml:25:9-49:20
	android:launchMode
		ADDED from src/main/AndroidManifest.xml:28:13-43
	android:configChanges
		ADDED from src/main/AndroidManifest.xml:29:13-63
	android:theme
		ADDED from src/main/AndroidManifest.xml:27:13-47
	android:name
		ADDED from src/main/AndroidManifest.xml:26:13-43
intent-filter#android.intent.action.MAIN+android.intent.category.LAUNCHER
ADDED from src/main/AndroidManifest.xml:31:13-34:29
action#android.intent.action.MAIN
ADDED from src/main/AndroidManifest.xml:32:17-69
	android:name
		ADDED from src/main/AndroidManifest.xml:32:25-66
category#android.intent.category.LAUNCHER
ADDED from src/main/AndroidManifest.xml:33:17-77
	android:name
		ADDED from src/main/AndroidManifest.xml:33:27-74
intent-filter#android.intent.action.VIEW+android.intent.category.BROWSABLE+android.intent.category.DEFAULT
ADDED from src/main/AndroidManifest.xml:36:13-41:29
action#android.intent.action.VIEW
ADDED from src/main/AndroidManifest.xml:37:17-69
	android:name
		ADDED from src/main/AndroidManifest.xml:37:25-66
category#android.intent.category.DEFAULT
ADDED from src/main/AndroidManifest.xml:38:17-76
	android:name
		ADDED from src/main/AndroidManifest.xml:38:27-73
category#android.intent.category.BROWSABLE
ADDED from src/main/AndroidManifest.xml:39:17-78
	android:name
		ADDED from src/main/AndroidManifest.xml:39:27-75
data
ADDED from src/main/AndroidManifest.xml:40:17-75
	android:host
		ADDED from src/main/AndroidManifest.xml:40:51-72
	android:scheme
		ADDED from src/main/AndroidManifest.xml:40:23-50
intent-filter#android.intent.action.SEARCH+android.intent.category.DEFAULT
ADDED from src/main/AndroidManifest.xml:43:13-46:29
action#android.intent.action.SEARCH
ADDED from src/main/AndroidManifest.xml:44:17-71
	android:name
		ADDED from src/main/AndroidManifest.xml:44:25-68
meta-data#android.app.searchable
ADDED from src/main/AndroidManifest.xml:48:13-99
	android:resource
		ADDED from src/main/AndroidManifest.xml:48:62-96
	android:name
		ADDED from src/main/AndroidManifest.xml:48:24-61
receiver#com.example.android.wiktionary.WordWidget
ADDED from src/main/AndroidManifest.xml:52:9-57:20
	android:label
		ADDED from src/main/AndroidManifest.xml:52:46-81
	android:name
		ADDED from src/main/AndroidManifest.xml:52:19-45
intent-filter#android.appwidget.action.APPWIDGET_UPDATE
ADDED from src/main/AndroidManifest.xml:53:13-55:29
action#android.appwidget.action.APPWIDGET_UPDATE
ADDED from src/main/AndroidManifest.xml:54:17-84
	android:name
		ADDED from src/main/AndroidManifest.xml:54:25-81
meta-data#android.appwidget.provider
ADDED from src/main/AndroidManifest.xml:56:13-104
	android:resource
		ADDED from src/main/AndroidManifest.xml:56:66-101
	android:name
		ADDED from src/main/AndroidManifest.xml:56:24-65
service#com.example.android.wiktionary.WordWidget$UpdateService
ADDED from src/main/AndroidManifest.xml:60:9-61
	android:name
		ADDED from src/main/AndroidManifest.xml:60:18-58
meta-data#android.app.default_searchable
ADDED from src/main/AndroidManifest.xml:64:5-96
	android:value
		ADDED from src/main/AndroidManifest.xml:64:62-93
	android:name
		ADDED from src/main/AndroidManifest.xml:64:16-61
uses-permission#android.permission.INTERNET
ADDED from src/main/AndroidManifest.xml:66:5-67
	android:name
		ADDED from src/main/AndroidManifest.xml:66:22-64
uses-sdk
ADDED from src/main/AndroidManifest.xml:67:5-43
	android:targetSdkVersion
		INJECTED from src/main/AndroidManifest.xml
		INJECTED from src/main/AndroidManifest.xml
	android:minSdkVersion
		ADDED from src/main/AndroidManifest.xml:67:15-40
		INJECTED from src/main/AndroidManifest.xml
		INJECTED from src/main/AndroidManifest.xml